[train] start
[harvest] 2024-09-14 -> 567 rows
[harvest] 2024-09-15 -> 571 rows
[harvest] 2024-09-16 -> 75 rows
[harvest] 2024-09-17 -> 73 rows
[harvest] 2024-09-18 -> 157 rows
[harvest] 2024-09-19 -> 239 rows
[harvest] 2024-09-20 -> 338 rows
[harvest] 2024-09-21 -> 485 rows
[harvest] 2024-09-22 -> 369 rows
[harvest] 2024-09-23 -> 81 rows
[harvest] 2024-09-24 -> 76 rows
[harvest] 2024-09-25 -> 161 rows
[harvest] 2024-09-26 -> 232 rows
[harvest] 2024-09-27 -> 407 rows
[harvest] 2024-09-28 -> 408 rows
[harvest] 2024-09-29 -> 462 rows
[harvest] 2024-09-30 -> 97 rows
[harvest] 2024-10-01 -> 55 rows
[harvest] 2024-10-02 -> 70 rows
[harvest] 2024-10-03 -> 155 rows
[harvest] 2024-10-04 -> 432 rows
[harvest] 2024-10-05 -> 552 rows
[harvest] 2024-10-06 -> 499 rows
[harvest] 2024-10-07 -> 89 rows
[harvest] 2024-10-08 -> 65 rows
[harvest] 2024-10-09 -> 165 rows
[harvest] 2024-10-10 -> 279 rows
[harvest] 2024-10-11 -> 417 rows
[harvest] 2024-10-12 -> 513 rows
[harvest] 2024-10-13 -> 427 rows
[harvest] 2024-10-14 -> 158 rows
[harvest] 2024-10-15 -> 60 rows
[harvest] 2024-10-16 -> 167 rows
[harvest] 2024-10-17 -> 260 rows
[harvest] 2024-10-18 -> 445 rows
[harvest] 2024-10-19 -> 621 rows
[harvest] 2024-10-20 -> 477 rows
[harvest] 2024-10-21 -> 96 rows
[harvest] 2024-10-22 -> 76 rows
[harvest] 2024-10-23 -> 174 rows
[harvest] 2024-10-24 -> 245 rows
[harvest] 2024-10-25 -> 441 rows
[harvest] 2024-10-26 -> 502 rows
[harvest] 2024-10-27 -> 476 rows
[harvest] 2024-10-28 -> 87 rows
[harvest] 2024-10-29 -> 89 rows
[harvest] 2024-10-30 -> 177 rows
[harvest] 2024-10-31 -> 312 rows
[harvest] 2024-11-01 -> 501 rows
[harvest] 2024-11-02 -> 635 rows
[harvest] 2024-11-03 -> 458 rows
[harvest] 2024-11-04 -> 70 rows
[harvest] 2024-11-05 -> 61 rows
[harvest] 2024-11-06 -> 151 rows
[harvest] 2024-11-07 -> 142 rows
[harvest] 2024-11-08 -> 314 rows
[harvest] 2024-11-09 -> 408 rows
[harvest] 2024-11-10 -> 386 rows
[harvest] 2024-11-11 -> 90 rows
[harvest] 2024-11-12 -> 67 rows
[harvest] 2024-11-13 -> 175 rows
[harvest] 2024-11-14 -> 166 rows
[harvest] 2024-11-15 -> 327 rows
[harvest] 2024-11-16 -> 447 rows
[harvest] 2024-11-17 -> 374 rows
[harvest] 2024-11-18 -> 72 rows
[harvest] 2024-11-19 -> 86 rows
[harvest] 2024-11-20 -> 250 rows
[harvest] 2024-11-21 -> 162 rows
[harvest] 2024-11-22 -> 420 rows
[harvest] 2024-11-23 -> 596 rows
[harvest] 2024-11-24 -> 438 rows
[harvest] 2024-11-25 -> 98 rows
[harvest] 2024-11-26 -> 93 rows
[harvest] 2024-11-27 -> 264 rows
[harvest] 2024-11-28 -> 384 rows
[harvest] 2024-11-29 -> 605 rows
[harvest] 2024-11-30 -> 621 rows
[harvest] 2024-12-01 -> 386 rows
[harvest] 2024-12-02 -> 81 rows
[harvest] 2024-12-03 -> 65 rows
[harvest] 2024-12-04 -> 146 rows
[harvest] 2024-12-05 -> 218 rows
[harvest] 2024-12-06 -> 405 rows
[harvest] 2024-12-07 -> 476 rows
[harvest] 2024-12-08 -> 265 rows
[harvest] 2024-12-09 -> 84 rows
[harvest] 2024-12-10 -> 69 rows
[harvest] 2024-12-11 -> 173 rows
[harvest] 2024-12-12 -> 227 rows
[harvest] 2024-12-13 -> 439 rows
[harvest] 2024-12-14 -> 503 rows
[harvest] 2024-12-15 -> 379 rows
[harvest] 2024-12-16 -> 141 rows
[harvest] 2024-12-17 -> 85 rows
[harvest] 2024-12-18 -> 192 rows
[harvest] 2024-12-19 -> 143 rows
[harvest] 2024-12-20 -> 337 rows
[harvest] 2024-12-21 -> 407 rows
[harvest] 2024-12-22 -> 364 rows
[harvest] 2024-12-23 -> 84 rows
[harvest] 2024-12-24 -> 207 rows
[harvest] no meets 2024-12-25
[harvest] 2024-12-26 -> 317 rows
[harvest] 2024-12-27 -> 424 rows
[harvest] 2024-12-28 -> 606 rows
[harvest] 2024-12-29 -> 423 rows
[harvest] 2024-12-30 -> 104 rows
[harvest] 2024-12-31 -> 103 rows
[harvest] 2025-01-01 -> 425 rows
[harvest] 2025-01-02 -> 150 rows
[harvest] 2025-01-03 -> 411 rows
[harvest] 2025-01-04 -> 499 rows
[harvest] 2025-01-05 -> 468 rows
[harvest] 2025-01-06 -> 116 rows
[harvest] 2025-01-07 -> 98 rows
[harvest] 2025-01-08 -> 265 rows
[harvest] 2025-01-09 -> 152 rows
GET fail /v1/north-america/meets/OP_1736485200000/results: HTTP Error 404: Not Found
[harvest] 2025-01-10 -> 442 rows
GET fail /v1/north-america/meets/OP_1736571600000/results: HTTP Error 404: Not Found
[harvest] 2025-01-11 -> 510 rows
GET fail /v1/north-america/meets/OP_1736658000000/results: HTTP Error 404: Not Found
[harvest] 2025-01-12 -> 431 rows
[harvest] 2025-01-13 -> 101 rows
[harvest] 2025-01-14 -> 120 rows
[harvest] 2025-01-15 -> 275 rows
[harvest] 2025-01-16 -> 242 rows
[harvest] 2025-01-17 -> 432 rows
[harvest] 2025-01-18 -> 572 rows
[harvest] 2025-01-19 -> 470 rows
GET fail /v1/north-america/meets/OP_1737349200000/results: HTTP Error 404: Not Found
[harvest] 2025-01-20 -> 406 rows
[harvest] 2025-01-21 -> 100 rows
[harvest] 2025-01-22 -> 228 rows
GET fail /v1/north-america/meets/FG_1737608400000/results: HTTP Error 404: Not Found
[harvest] 2025-01-23 -> 350 rows
[harvest] 2025-01-24 -> 435 rows
[harvest] 2025-01-25 -> 562 rows
[harvest] 2025-01-26 -> 458 rows
[harvest] 2025-01-27 -> 194 rows
[harvest] 2025-01-28 -> 116 rows
[harvest] 2025-01-29 -> 269 rows
[harvest] 2025-01-30 -> 322 rows
[harvest] 2025-01-31 -> 397 rows
[harvest] 2025-02-01 -> 501 rows
[harvest] 2025-02-02 -> 448 rows
[harvest] 2025-02-03 -> 181 rows
[harvest] 2025-02-04 -> 72 rows
[harvest] 2025-02-05 -> 242 rows
[harvest] 2025-02-06 -> 152 rows
[harvest] 2025-02-07 -> 406 rows
[harvest] 2025-02-08 -> 499 rows
[harvest] 2025-02-09 -> 257 rows
[harvest] 2025-02-10 -> 83 rows
[harvest] 2025-02-11 -> 71 rows
[harvest] 2025-02-12 -> 236 rows
[harvest] 2025-02-13 -> 167 rows
[harvest] 2025-02-14 -> 409 rows
[harvest] 2025-02-15 -> 533 rows
[harvest] 2025-02-16 -> 445 rows
[harvest] 2025-02-17 -> 364 rows
[harvest] 2025-02-18 -> 82 rows
[harvest] 2025-02-19 -> 238 rows
[harvest] 2025-02-20 -> 167 rows
GET fail /v1/north-america/meets/OP_1740114000000/results: HTTP Error 404: Not Found
[harvest] 2025-02-21 -> 425 rows
[harvest] 2025-02-22 -> 497 rows
[harvest] 2025-02-23 -> 527 rows
[harvest] 2025-02-24 -> 184 rows
[harvest] 2025-02-25 -> 98 rows
[harvest] 2025-02-26 -> 279 rows
[harvest] 2025-02-27 -> 256 rows
[harvest] 2025-02-28 -> 449 rows
[harvest] 2025-03-01 -> 547 rows
[harvest] 2025-03-02 -> 394 rows
[harvest] 2025-03-03 -> 145 rows
[harvest] 2025-03-04 -> 162 rows
[harvest] 2025-03-05 -> 260 rows
[harvest] 2025-03-06 -> 179 rows
[harvest] 2025-03-07 -> 423 rows
[harvest] 2025-03-08 -> 532 rows
[harvest] 2025-03-09 -> 450 rows
[harvest] 2025-03-10 -> 69 rows
[harvest] 2025-03-11 -> 71 rows
[harvest] 2025-03-12 -> 321 rows
[harvest] 2025-03-13 -> 180 rows
[harvest] 2025-03-14 -> 427 rows
[harvest] 2025-03-15 -> 498 rows
[harvest] 2025-03-16 -> 427 rows
[harvest] 2025-03-17 -> 129 rows
[harvest] 2025-03-18 -> 176 rows
[harvest] 2025-03-19 -> 301 rows
[harvest] 2025-03-20 -> 169 rows
[harvest] 2025-03-21 -> 427 rows
[harvest] 2025-03-22 -> 520 rows
[harvest] 2025-03-23 -> 489 rows
[harvest] 2025-03-24 -> 65 rows
[harvest] 2025-03-25 -> 74 rows
[harvest] 2025-03-26 -> 240 rows
[harvest] 2025-03-27 -> 72 rows
[harvest] 2025-03-28 -> 352 rows
[harvest] 2025-03-29 -> 468 rows
[harvest] 2025-03-30 -> 429 rows
[harvest] 2025-03-31 -> 79 rows
[harvest] 2025-04-01 -> 86 rows
[harvest] 2025-04-02 -> 177 rows
[harvest] 2025-04-03 -> 64 rows
GET fail /v1/north-america/meets/KEE_1743739200000/results: HTTP Error 404: Not Found
[harvest] 2025-04-04 -> 461 rows
GET fail /v1/north-america/meets/KEE_1743825600000/results: HTTP Error 404: Not Found
[harvest] 2025-04-05 -> 528 rows
[harvest] 2025-04-06 -> 508 rows
[harvest] 2025-04-07 -> 200 rows
[harvest] 2025-04-08 -> 193 rows
[harvest] 2025-04-09 -> 231 rows
[harvest] 2025-04-10 -> 190 rows
[harvest] 2025-04-11 -> 369 rows
[harvest] 2025-04-12 -> 430 rows
[harvest] 2025-04-13 -> 371 rows
[harvest] 2025-04-14 -> 83 rows
[harvest] 2025-04-15 -> 92 rows
[harvest] 2025-04-16 -> 256 rows
[harvest] 2025-04-17 -> 167 rows
[harvest] 2025-04-18 -> 449 rows
[harvest] 2025-04-19 -> 499 rows
[harvest] 2025-04-20 -> 178 rows
[harvest] 2025-04-21 -> 93 rows
[harvest] 2025-04-22 -> 79 rows
[harvest] 2025-04-23 -> 259 rows
[harvest] 2025-04-24 -> 272 rows
[harvest] 2025-04-25 -> 451 rows
[harvest] 2025-04-26 -> 561 rows
[harvest] 2025-04-27 -> 422 rows
[harvest] 2025-04-28 -> 76 rows
[harvest] 2025-04-29 -> 180 rows
[harvest] 2025-04-30 -> 196 rows
[harvest] 2025-05-01 -> 374 rows
[harvest] 2025-05-02 -> 573 rows
[harvest] 2025-05-03 -> 370 rows
[harvest] 2025-05-04 -> 404 rows
[harvest] 2025-05-05 -> 79 rows
[harvest] 2025-05-06 -> 71 rows
[harvest] 2025-05-07 -> 82 rows
[harvest] 2025-05-08 -> 224 rows
[harvest] 2025-05-09 -> 294 rows
[harvest] 2025-05-10 -> 482 rows
[harvest] 2025-05-11 -> 467 rows
[harvest] 2025-05-12 -> 75 rows
[harvest] 2025-05-13 -> 66 rows
[harvest] 2025-05-14 -> 0 rows
[harvest] 2025-05-15 -> 233 rows
[harvest] 2025-05-16 -> 347 rows
[harvest] 2025-05-17 -> 388 rows
[harvest] 2025-05-18 -> 526 rows
[harvest] 2025-05-19 -> 71 rows
[harvest] 2025-05-20 -> 58 rows
[harvest] 2025-05-21 -> 80 rows
[harvest] 2025-05-22 -> 193 rows
[harvest] 2025-05-23 -> 341 rows
[harvest] 2025-05-24 -> 380 rows
[harvest] 2025-05-25 -> 532 rows
[harvest] 2025-05-26 -> 423 rows
[harvest] 2025-05-27 -> 59 rows
[harvest] 2025-05-28 -> 73 rows
[harvest] 2025-05-29 -> 203 rows
GET fail /v1/north-america/meets/WO_1748577600000/results: <urlopen error _ssl.c:1112: The handshake operation timed out>
[harvest] 2025-05-30 -> 301 rows
[harvest] 2025-05-31 -> 297 rows
[harvest] 2025-06-01 -> 408 rows
[harvest] 2025-06-02 -> 75 rows
[harvest] 2025-06-03 -> 53 rows
[harvest] 2025-06-04 -> 189 rows
[harvest] 2025-06-05 -> 304 rows
[harvest] 2025-06-06 -> 440 rows
[harvest] 2025-06-07 -> 290 rows
[harvest] 2025-06-08 -> 524 rows
[harvest] 2025-06-09 -> 62 rows
[harvest] 2025-06-10 -> 56 rows
[harvest] 2025-06-11 -> 77 rows
[harvest] 2025-06-12 -> 316 rows
[harvest] 2025-06-13 -> 377 rows
[harvest] 2025-06-14 -> 278 rows
[harvest] 2025-06-15 -> 373 rows
[harvest] 2025-06-16 -> 69 rows
[harvest] 2025-06-17 -> 67 rows
[harvest] 2025-06-18 -> 138 rows
[harvest] 2025-06-19 -> 271 rows
[harvest] 2025-06-20 -> 372 rows
[harvest] 2025-06-21 -> 391 rows
[harvest] 2025-06-22 -> 392 rows
GET fail /v1/north-america/meets/PRX_1750651200000/results: HTTP Error 404: Not Found
[harvest] 2025-06-23 -> 65 rows
GET fail /v1/north-america/meets/PRX_1750737600000/results: HTTP Error 404: Not Found
[harvest] 2025-06-24 -> 62 rows
[harvest] 2025-06-25 -> 159 rows
[harvest] 2025-06-26 -> 268 rows
[harvest] 2025-06-27 -> 402 rows
[harvest] 2025-06-28 -> 395 rows
[harvest] 2025-06-29 -> 436 rows
[harvest] 2025-06-30 -> 82 rows
[harvest] 2025-07-01 -> 86 rows
[harvest] 2025-07-02 -> 79 rows
[harvest] 2025-07-03 -> 167 rows
[harvest] 2025-07-04 -> 295 rows
[harvest] 2025-07-05 -> 172 rows
[harvest] 2025-07-06 -> 338 rows
[harvest] 2025-07-07 -> 83 rows
[harvest] 2025-07-08 -> 87 rows
[harvest] 2025-07-09 -> 75 rows
[harvest] 2025-07-10 -> 157 rows
[harvest] 2025-07-11 -> 296 rows
[harvest] 2025-07-12 -> 185 rows
[harvest] 2025-07-13 -> 362 rows
[harvest] 2025-07-14 -> 63 rows
[harvest] 2025-07-15 -> 62 rows
[harvest] 2025-07-16 -> 146 rows
[harvest] 2025-07-17 -> 168 rows
[harvest] 2025-07-18 -> 412 rows
[harvest] 2025-07-19 -> 546 rows
[harvest] 2025-07-20 -> 466 rows
[harvest] 2025-07-21 -> 79 rows
[harvest] 2025-07-22 -> 75 rows
[harvest] 2025-07-23 -> 156 rows
[harvest] 2025-07-24 -> 304 rows
[harvest] 2025-07-25 -> 380 rows
[harvest] 2025-07-26 -> 389 rows
[harvest] 2025-07-27 -> 422 rows
[harvest] 2025-07-28 -> 0 rows
[harvest] 2025-07-29 -> 0 rows
[harvest] 2025-07-30 -> 85 rows
[harvest] 2025-07-31 -> 274 rows
[harvest] 2025-08-01 -> 401 rows
[harvest] 2025-08-02 -> 541 rows
[harvest] 2025-08-03 -> 458 rows
[harvest] 2025-08-04 -> 0 rows
[harvest] 2025-08-05 -> 0 rows
[harvest] 2025-08-06 -> 84 rows
[harvest] 2025-08-07 -> 247 rows
[harvest] 2025-08-08 -> 360 rows
[harvest] 2025-08-09 -> 380 rows
[harvest] 2025-08-10 -> 419 rows
[harvest] 2025-08-11 -> 0 rows
[harvest] 2025-08-12 -> 0 rows
[harvest] 2025-08-13 -> 85 rows
[harvest] 2025-08-14 -> 172 rows
[harvest] 2025-08-15 -> 395 rows
[harvest] 2025-08-16 -> 381 rows
[harvest] 2025-08-17 -> 426 rows
[harvest] 2025-08-18 -> 163 rows
[harvest] 2025-08-19 -> 118 rows
[harvest] 2025-08-20 -> 157 rows
[harvest] 2025-08-21 -> 224 rows
[harvest] 2025-08-22 -> 393 rows
[harvest] 2025-08-23 -> 489 rows
[harvest] 2025-08-24 -> 487 rows
[harvest] 2025-08-25 -> 58 rows
[harvest] 2025-08-26 -> 68 rows
[harvest] 2025-08-27 -> 141 rows
[harvest] 2025-08-28 -> 342 rows
[harvest] 2025-08-29 -> 343 rows
[harvest] 2025-08-30 -> 580 rows
[harvest] 2025-08-31 -> 667 rows
[harvest] 2025-09-01 -> 437 rows
[harvest] 2025-09-02 -> 69 rows
[harvest] 2025-09-03 -> 60 rows
[harvest] 2025-09-04 -> 207 rows
[harvest] 2025-09-05 -> 217 rows
[harvest] 2025-09-06 -> 539 rows
[harvest] 2025-09-07 -> 527 rows
[harvest] 2025-09-08 -> 60 rows
[harvest] 2025-09-09 -> 66 rows
[harvest] 2025-09-10 -> 223 rows
[harvest] 2025-09-11 -> 225 rows
[harvest] 2025-09-12 -> 327 rows
[harvest] 2025-09-13 -> 513 rows
[harvest] 2025-09-14 -> 436 rows
[load] rows=99924 from 369 file(s)
[registry] saved model_20250914-085033.json; metrics={'brier': 0.0021704754515623104, 'logloss': 0.04770852919642387, 'auc': 0.5, 'n': 99924}
[registry] best tag -> 20250913-014113; updated model.json
[signals] wrote 5 meet file(s) to /Users/stephenjerome/Desktop/SteveHorsesPro/signals
[train] done
