[horse-db] schema OK
[train] start
[harvest] 2024-09-16 -> 211 rows
[harvest] 2024-09-17 -> 192 rows
[harvest] 2024-09-18 -> 288 rows
[harvest] 2024-09-19 -> 239 rows
[harvest] 2024-09-20 -> 443 rows
[harvest] 2024-09-21 -> 589 rows
[harvest] 2024-09-22 -> 481 rows
[harvest] 2024-09-23 -> 221 rows
[harvest] 2024-09-24 -> 227 rows
[harvest] 2024-09-25 -> 300 rows
[harvest] 2024-09-26 -> 327 rows
[harvest] 2024-09-27 -> 527 rows
[harvest] 2024-09-28 -> 513 rows
[harvest] 2024-09-29 -> 570 rows
[harvest] 2024-09-30 -> 176 rows
[harvest] 2024-10-01 -> 119 rows
[harvest] 2024-10-02 -> 132 rows
[harvest] 2024-10-03 -> 235 rows
[harvest] 2024-10-04 -> 525 rows
[harvest] 2024-10-05 -> 645 rows
[harvest] 2024-10-06 -> 577 rows
[harvest] 2024-10-07 -> 165 rows
[harvest] 2024-10-08 -> 130 rows
[harvest] 2024-10-09 -> 218 rows
[harvest] 2024-10-10 -> 367 rows
[harvest] 2024-10-11 -> 514 rows
[harvest] 2024-10-12 -> 666 rows
[harvest] 2024-10-13 -> 528 rows
[harvest] 2024-10-14 -> 233 rows
[harvest] 2024-10-15 -> 132 rows
[harvest] 2024-10-16 -> 224 rows
[harvest] 2024-10-17 -> 357 rows
[harvest] 2024-10-18 -> 545 rows
[harvest] 2024-10-19 -> 730 rows
[harvest] 2024-10-20 -> 566 rows
[harvest] 2024-10-21 -> 170 rows
[harvest] 2024-10-22 -> 161 rows
[harvest] 2024-10-23 -> 243 rows
[harvest] 2024-10-24 -> 363 rows
[harvest] 2024-10-25 -> 541 rows
[harvest] 2024-10-26 -> 605 rows
[harvest] 2024-10-27 -> 564 rows
[harvest] 2024-10-28 -> 148 rows
[harvest] 2024-10-29 -> 161 rows
[harvest] 2024-10-30 -> 234 rows
[harvest] 2024-10-31 -> 408 rows
[harvest] 2024-11-01 -> 600 rows
[harvest] 2024-11-02 -> 738 rows
[harvest] 2024-11-03 -> 553 rows
[harvest] 2024-11-04 -> 129 rows
[harvest] 2024-11-05 -> 132 rows
[harvest] 2024-11-06 -> 216 rows
[harvest] 2024-11-07 -> 142 rows
[harvest] 2024-11-08 -> 422 rows
[harvest] 2024-11-09 -> 536 rows
[harvest] 2024-11-10 -> 518 rows
[harvest] 2024-11-11 -> 168 rows
[harvest] 2024-11-12 -> 140 rows
[harvest] 2024-11-13 -> 253 rows
[harvest] 2024-11-14 -> 166 rows
[harvest] 2024-11-15 -> 408 rows
[harvest] 2024-11-16 -> 536 rows
[harvest] 2024-11-17 -> 451 rows
[harvest] 2024-11-18 -> 148 rows
[harvest] 2024-11-19 -> 158 rows
[harvest] 2024-11-20 -> 234 rows
[harvest] 2024-11-21 -> 162 rows
[harvest] 2024-11-22 -> 392 rows
[harvest] 2024-11-23 -> 462 rows
[harvest] 2024-11-24 -> 428 rows
[harvest] 2024-11-25 -> 175 rows
[harvest] 2024-11-26 -> 160 rows
[harvest] 2024-11-27 -> 254 rows
[harvest] 2024-11-28 -> 356 rows
[harvest] 2024-11-29 -> 526 rows
[harvest] 2024-11-30 -> 539 rows
[harvest] 2024-12-01 -> 488 rows
[harvest] 2024-12-02 -> 81 rows
[harvest] 2024-12-03 -> 65 rows
[harvest] 2024-12-04 -> 59 rows
[harvest] 2024-12-05 -> 133 rows
[harvest] 2024-12-06 -> 218 rows
[harvest] 2024-12-07 -> 277 rows
[harvest] 2024-12-08 -> 262 rows
[harvest] 2024-12-09 -> 84 rows
[harvest] 2024-12-10 -> 69 rows
[harvest] 2024-12-11 -> 84 rows
[harvest] 2024-12-12 -> 145 rows
[harvest] 2024-12-13 -> 223 rows
[harvest] 2024-12-14 -> 282 rows
[harvest] 2024-12-15 -> 273 rows
[harvest] 2024-12-16 -> 78 rows
[harvest] 2024-12-17 -> 85 rows
[harvest] 2024-12-18 -> 107 rows
[harvest] 2024-12-19 -> 76 rows
[harvest] 2024-12-20 -> 168 rows
[harvest] 2024-12-21 -> 191 rows
[harvest] 2024-12-22 -> 175 rows
[harvest] 2024-12-23 -> 84 rows
[harvest] 2024-12-24 -> 113 rows
[harvest] no meets 2024-12-25
[harvest] 2024-12-26 -> 208 rows
[harvest] 2024-12-27 -> 230 rows
[harvest] 2024-12-28 -> 370 rows
[harvest] 2024-12-29 -> 253 rows
[harvest] 2024-12-30 -> 104 rows
[harvest] 2024-12-31 -> 103 rows
[harvest] 2025-01-01 -> 258 rows
[harvest] 2025-01-02 -> 74 rows
[harvest] 2025-01-03 -> 150 rows
[harvest] 2025-01-04 -> 201 rows
[harvest] 2025-01-05 -> 193 rows
[harvest] 2025-01-06 -> 116 rows
[harvest] 2025-01-07 -> 98 rows
[harvest] 2025-01-08 -> 170 rows
[harvest] 2025-01-09 -> 135 rows
[harvest] 2025-01-10 -> 229 rows
[harvest] 2025-01-11 -> 279 rows
[harvest] 2025-01-12 -> 168 rows
[harvest] 2025-01-13 -> 101 rows
[harvest] 2025-01-14 -> 120 rows
[harvest] 2025-01-15 -> 189 rows
[harvest] 2025-01-16 -> 232 rows
[harvest] 2025-01-17 -> 280 rows
[harvest] 2025-01-18 -> 347 rows
[harvest] 2025-01-19 -> 259 rows
[harvest] 2025-01-20 -> 192 rows
[harvest] 2025-01-21 -> 100 rows
[harvest] 2025-01-22 -> 154 rows
[harvest] 2025-01-23 -> 200 rows
[harvest] 2025-01-24 -> 305 rows
[harvest] 2025-01-25 -> 406 rows
[harvest] 2025-01-26 -> 298 rows
[harvest] 2025-01-27 -> 104 rows
[harvest] 2025-01-28 -> 116 rows
[harvest] 2025-01-29 -> 232 rows
[harvest] 2025-01-30 -> 219 rows
[harvest] 2025-01-31 -> 280 rows
[harvest] 2025-02-01 -> 332 rows
[harvest] 2025-02-02 -> 230 rows
[harvest] 2025-02-03 -> 91 rows
[harvest] 2025-02-04 -> 72 rows
[harvest] 2025-02-05 -> 209 rows
[harvest] 2025-02-06 -> 123 rows
[harvest] 2025-02-07 -> 252 rows
[harvest] 2025-02-08 -> 314 rows
[harvest] 2025-02-09 -> 224 rows
[harvest] 2025-02-10 -> 83 rows
[harvest] 2025-02-11 -> 71 rows
[harvest] 2025-02-12 -> 193 rows
[harvest] 2025-02-13 -> 125 rows
[harvest] 2025-02-14 -> 255 rows
[harvest] 2025-02-15 -> 321 rows
[harvest] 2025-02-16 -> 233 rows
[harvest] 2025-02-17 -> 165 rows
[harvest] 2025-02-18 -> 82 rows
[harvest] 2025-02-19 -> 199 rows
[harvest] 2025-02-20 -> 114 rows
[harvest] 2025-02-21 -> 250 rows
[harvest] 2025-02-22 -> 322 rows
[harvest] 2025-02-23 -> 252 rows
[harvest] 2025-02-24 -> 89 rows
[harvest] 2025-02-25 -> 98 rows
[harvest] 2025-02-26 -> 231 rows
[harvest] 2025-02-27 -> 225 rows
[harvest] 2025-02-28 -> 277 rows
[harvest] 2025-03-01 -> 361 rows
[harvest] 2025-03-02 -> 268 rows
[harvest] 2025-03-03 -> 76 rows
[harvest] 2025-03-04 -> 74 rows
[harvest] 2025-03-05 -> 218 rows
[harvest] 2025-03-06 -> 124 rows
[harvest] 2025-03-07 -> 267 rows
[harvest] 2025-03-08 -> 322 rows
[harvest] 2025-03-09 -> 286 rows
[harvest] 2025-03-10 -> 69 rows
[harvest] 2025-03-11 -> 71 rows
[harvest] 2025-03-12 -> 211 rows
[harvest] 2025-03-13 -> 142 rows
[harvest] 2025-03-14 -> 201 rows
[harvest] 2025-03-15 -> 262 rows
[harvest] 2025-03-16 -> 161 rows
[harvest] 2025-03-17 -> 129 rows
[harvest] 2025-03-18 -> 88 rows
[harvest] 2025-03-19 -> 212 rows
[harvest] 2025-03-20 -> 135 rows
[harvest] 2025-03-21 -> 251 rows
[harvest] 2025-03-22 -> 301 rows
[harvest] 2025-03-23 -> 244 rows
[harvest] 2025-03-24 -> 65 rows
[harvest] 2025-03-25 -> 74 rows
[harvest] 2025-03-26 -> 216 rows
[harvest] 2025-03-27 -> 137 rows
[harvest] 2025-03-28 -> 296 rows
[harvest] 2025-03-29 -> 370 rows
[harvest] 2025-03-30 -> 251 rows
[harvest] 2025-03-31 -> 79 rows
[harvest] 2025-04-01 -> 86 rows
[harvest] 2025-04-02 -> 84 rows
[harvest] 2025-04-03 -> 64 rows
GET fail /v1/north-america/meets/KEE_1743739200000/results: HTTP Error 404: Not Found
[harvest] 2025-04-04 -> 329 rows
GET fail /v1/north-america/meets/KEE_1743825600000/results: HTTP Error 404: Not Found
[harvest] 2025-04-05 -> 387 rows
[harvest] 2025-04-06 -> 365 rows
[harvest] 2025-04-07 -> 200 rows
[harvest] 2025-04-08 -> 193 rows
[harvest] 2025-04-09 -> 173 rows
[harvest] 2025-04-10 -> 190 rows
[harvest] 2025-04-11 -> 275 rows
[harvest] 2025-04-12 -> 292 rows
[harvest] 2025-04-13 -> 265 rows
[harvest] 2025-04-14 -> 83 rows
[harvest] 2025-04-15 -> 92 rows
[harvest] 2025-04-16 -> 182 rows
[harvest] 2025-04-17 -> 167 rows
[harvest] 2025-04-18 -> 365 rows
[harvest] 2025-04-19 -> 411 rows
[harvest] 2025-04-20 -> 178 rows
[harvest] 2025-04-21 -> 93 rows
[harvest] 2025-04-22 -> 79 rows
[harvest] 2025-04-23 -> 159 rows
[harvest] 2025-04-24 -> 174 rows
[harvest] 2025-04-25 -> 388 rows
[harvest] 2025-04-26 -> 484 rows
[harvest] 2025-04-27 -> 351 rows
[harvest] 2025-04-28 -> 146 rows
[harvest] 2025-04-29 -> 236 rows
[harvest] 2025-04-30 -> 106 rows
[harvest] 2025-05-01 -> 270 rows
[harvest] 2025-05-02 -> 457 rows
[harvest] 2025-05-03 -> 510 rows
[harvest] 2025-05-04 -> 430 rows
[harvest] 2025-05-05 -> 179 rows
[harvest] 2025-05-06 -> 170 rows
[harvest] 2025-05-07 -> 82 rows
[harvest] 2025-05-08 -> 224 rows
[harvest] 2025-05-09 -> 294 rows
[harvest] 2025-05-10 -> 383 rows
[harvest] 2025-05-11 -> 423 rows
[harvest] 2025-05-12 -> 181 rows
[harvest] 2025-05-13 -> 164 rows
[harvest] 2025-05-14 -> 51 rows
[harvest] 2025-05-15 -> 233 rows
[harvest] 2025-05-16 -> 347 rows
[harvest] 2025-05-17 -> 362 rows
[harvest] 2025-05-18 -> 447 rows
[harvest] 2025-05-19 -> 178 rows
[harvest] 2025-05-20 -> 114 rows
[harvest] 2025-05-21 -> 132 rows
[harvest] 2025-05-22 -> 193 rows
[harvest] 2025-05-23 -> 422 rows
[harvest] 2025-05-24 -> 371 rows
[harvest] 2025-05-25 -> 578 rows
[harvest] 2025-05-26 -> 541 rows
[harvest] 2025-05-27 -> 161 rows
[harvest] 2025-05-28 -> 135 rows
[harvest] 2025-05-29 -> 203 rows
[harvest] 2025-05-30 -> 301 rows
[harvest] 2025-05-31 -> 291 rows
[harvest] 2025-06-01 -> 441 rows
[harvest] 2025-06-02 -> 201 rows
[harvest] 2025-06-03 -> 152 rows
[harvest] 2025-06-04 -> 243 rows
[harvest] 2025-06-05 -> 304 rows
[harvest] 2025-06-06 -> 533 rows
[harvest] 2025-06-07 -> 361 rows
[harvest] 2025-06-08 -> 536 rows
[harvest] 2025-06-09 -> 183 rows
[harvest] 2025-06-10 -> 173 rows
[harvest] 2025-06-11 -> 129 rows
[harvest] 2025-06-12 -> 316 rows
[harvest] 2025-06-13 -> 453 rows
[harvest] 2025-06-14 -> 356 rows
[harvest] 2025-06-15 -> 433 rows
[harvest] 2025-06-16 -> 177 rows
[harvest] 2025-06-17 -> 182 rows
[harvest] 2025-06-18 -> 191 rows
[harvest] 2025-06-19 -> 271 rows
[harvest] 2025-06-20 -> 390 rows
[harvest] 2025-06-21 -> 400 rows
[harvest] 2025-06-22 -> 447 rows
GET fail /v1/north-america/meets/FL_1750651200000/results: HTTP Error 404: Not Found
GET fail /v1/north-america/meets/PRX_1750651200000/results: HTTP Error 404: Not Found
[harvest] 2025-06-23 -> 188 rows
GET fail /v1/north-america/meets/PRX_1750737600000/results: HTTP Error 404: Not Found
[harvest] 2025-06-24 -> 174 rows
[harvest] 2025-06-25 -> 221 rows
[harvest] 2025-06-26 -> 341 rows
[harvest] 2025-06-27 -> 436 rows
[harvest] 2025-06-28 -> 430 rows
[harvest] 2025-06-29 -> 491 rows
[harvest] 2025-06-30 -> 195 rows
[harvest] 2025-07-01 -> 202 rows
[harvest] 2025-07-02 -> 139 rows
[harvest] 2025-07-03 -> 167 rows
[harvest] 2025-07-04 -> 273 rows
[harvest] 2025-07-05 -> 138 rows
[harvest] 2025-07-06 -> 261 rows
[harvest] 2025-07-07 -> 149 rows
[harvest] 2025-07-08 -> 142 rows
[harvest] 2025-07-09 -> 131 rows
[harvest] 2025-07-10 -> 157 rows
[harvest] 2025-07-11 -> 234 rows
[harvest] 2025-07-12 -> 104 rows
[harvest] 2025-07-13 -> 283 rows
[harvest] 2025-07-14 -> 181 rows
[harvest] 2025-07-15 -> 176 rows
[harvest] 2025-07-16 -> 254 rows
[harvest] 2025-07-17 -> 168 rows
[harvest] 2025-07-18 -> 337 rows
[harvest] 2025-07-19 -> 407 rows
[harvest] 2025-07-20 -> 375 rows
[harvest] 2025-07-21 -> 219 rows
[harvest] 2025-07-22 -> 200 rows
[harvest] 2025-07-23 -> 263 rows
[harvest] 2025-07-24 -> 304 rows
[harvest] 2025-07-25 -> 314 rows
[harvest] 2025-07-26 -> 315 rows
[harvest] 2025-07-27 -> 349 rows
[harvest] 2025-07-28 -> 124 rows
[harvest] 2025-07-29 -> 129 rows
[harvest] 2025-07-30 -> 202 rows
[harvest] 2025-07-31 -> 274 rows
[harvest] 2025-08-01 -> 328 rows
[harvest] 2025-08-02 -> 450 rows
[harvest] 2025-08-03 -> 371 rows
[harvest] 2025-08-04 -> 104 rows
[harvest] 2025-08-05 -> 117 rows
[harvest] 2025-08-06 -> 189 rows
[harvest] 2025-08-07 -> 247 rows
[harvest] 2025-08-08 -> 295 rows
[harvest] 2025-08-09 -> 304 rows
[harvest] 2025-08-10 -> 345 rows
[harvest] 2025-08-11 -> 126 rows
[harvest] 2025-08-12 -> 114 rows
[harvest] 2025-08-13 -> 191 rows
[harvest] 2025-08-14 -> 172 rows
[harvest] 2025-08-15 -> 329 rows
[harvest] 2025-08-16 -> 309 rows
[harvest] 2025-08-17 -> 352 rows
[harvest] 2025-08-18 -> 272 rows
[harvest] 2025-08-19 -> 231 rows
[harvest] 2025-08-20 -> 271 rows
[harvest] 2025-08-21 -> 224 rows
[harvest] 2025-08-22 -> 326 rows
[harvest] 2025-08-23 -> 424 rows
[harvest] 2025-08-24 -> 373 rows
[harvest] 2025-08-25 -> 172 rows
[harvest] 2025-08-26 -> 181 rows
[harvest] 2025-08-27 -> 255 rows
[harvest] 2025-08-28 -> 342 rows
[harvest] 2025-08-29 -> 343 rows
[harvest] 2025-08-30 -> 581 rows
[harvest] 2025-08-31 -> 584 rows
[harvest] 2025-09-01 -> 496 rows
[harvest] 2025-09-02 -> 209 rows
[harvest] 2025-09-03 -> 122 rows
[harvest] 2025-09-04 -> 207 rows
[harvest] 2025-09-05 -> 279 rows
[harvest] 2025-09-06 -> 601 rows
[harvest] 2025-09-07 -> 519 rows
[harvest] 2025-09-08 -> 173 rows
[harvest] 2025-09-09 -> 189 rows
[harvest] 2025-09-10 -> 350 rows
[harvest] 2025-09-11 -> 225 rows
[harvest] 2025-09-12 -> 398 rows
[harvest] 2025-09-13 -> 518 rows
[harvest] 2025-09-14 -> 433 rows
[harvest] 2025-09-15 -> 188 rows
[harvest] 2025-09-16 -> 201 rows
[load] rows=95071 from 371 file(s)
[registry] saved model_20250916-075101.json; metrics={'brier': 0.00282949397458182, 'logloss': 0.054659995392554395, 'auc': 0.5, 'n': 95071}
[registry] best tag -> 20250913-014113; updated model.json
[train] done
