[23:09:51] date 2025-09-14
[23:10:14] date 2024-11-22
[23:10:20] date 2024-11-23
[23:10:32] date 2024-11-24
[23:10:38] date 2024-11-25
[23:10:40] date 2024-11-26
[23:10:42] date 2024-11-27
[23:10:46] date 2024-11-28
[23:10:51] date 2024-11-29
[23:10:59] date 2024-11-30
[23:11:07] date 2024-12-01
[23:11:12] date 2024-12-02
[23:11:14] date 2024-12-03
[23:11:16] date 2024-12-04
[23:11:19] date 2024-12-05
[23:11:23] date 2024-12-06
[23:11:29] date 2024-12-07
[23:11:36] date 2024-12-08
[23:11:40] date 2024-12-09
[23:11:42] date 2024-12-10
[23:11:44] date 2024-12-11
[23:11:47] date 2024-12-12
[23:11:50] date 2024-12-13
[23:11:57] date 2024-12-14
[23:12:05] date 2024-12-15
[23:12:11] date 2024-12-16
[23:12:13] date 2024-12-17
[23:12:15] date 2024-12-18
[23:12:19] date 2024-12-19
[23:12:21] date 2024-12-20
[23:12:26] date 2024-12-21
[23:12:32] date 2024-12-22
[23:12:38] date 2024-12-23
[23:12:39] date 2024-12-24
[23:12:42] date 2024-12-25
[23:12:43] date 2024-12-26
[23:12:47] date 2024-12-27
[23:12:55] date 2024-12-28
[23:13:03] date 2024-12-29
[23:13:09] date 2024-12-30
[23:13:11] date 2024-12-31
[23:13:13] date 2025-01-01
[23:13:19] date 2025-01-02
[23:13:22] date 2025-01-03
[23:13:28] date 2025-01-04
[23:13:35] date 2025-01-05
[23:13:42] date 2025-01-06
[23:13:44] date 2025-01-07
[23:13:46] date 2025-01-08
[23:13:50] date 2025-01-09
[23:13:53] date 2025-01-10
[23:13:59] date 2025-01-11
[23:14:05] date 2025-01-12
[23:14:11] date 2025-01-13
[23:14:14] date 2025-01-14
[23:14:15] date 2025-01-15
[23:14:20] date 2025-01-16
[23:14:24] date 2025-01-17
[23:14:31] date 2025-01-18
[23:14:38] date 2025-01-19
[23:14:44] date 2025-01-20
[23:14:49] date 2025-01-21
[23:14:51] date 2025-01-22
[23:14:55] date 2025-01-23
[23:15:00] date 2025-01-24
[23:15:07] date 2025-01-25
[23:15:18] date 2025-01-26
[23:15:25] date 2025-01-27
[23:15:28] date 2025-01-28
[23:15:30] date 2025-01-29
[23:15:35] date 2025-01-30
[23:15:40] date 2025-01-31
[23:15:46] date 2025-02-01
[23:15:53] date 2025-02-02
[23:16:01] date 2025-02-03
[23:16:04] date 2025-02-04
[23:16:06] date 2025-02-05
[23:16:09] date 2025-02-06
[23:16:13] date 2025-02-07
[23:16:19] date 2025-02-08
[23:16:27] date 2025-02-09
[23:16:31] date 2025-02-10
[23:16:32] date 2025-02-11
[23:16:34] date 2025-02-12
[23:16:38] date 2025-02-13
[23:16:41] date 2025-02-14
[23:16:47] date 2025-02-15
[23:16:54] date 2025-02-16
[23:17:00] date 2025-02-17
[23:17:06] date 2025-02-18
[23:17:08] date 2025-02-19
[23:17:12] date 2025-02-20
[23:17:15] date 2025-02-21
[23:17:21] date 2025-02-22
[23:17:28] date 2025-02-23
[23:17:35] date 2025-02-24
[23:17:37] date 2025-02-25
[23:17:39] date 2025-02-26
[23:17:44] date 2025-02-27
[23:17:47] date 2025-02-28
[23:17:54] date 2025-03-01
[23:18:04] date 2025-03-02
[23:18:11] date 2025-03-03
[23:18:14] date 2025-03-04
[23:18:16] date 2025-03-05
[23:18:20] date 2025-03-06
[23:18:23] date 2025-03-07
[23:18:29] date 2025-03-08
[23:18:37] date 2025-03-09
[23:18:44] date 2025-03-10
[23:18:45] date 2025-03-11
[23:18:47] date 2025-03-12
[23:18:52] date 2025-03-13
[23:18:55] date 2025-03-14
[23:19:01] date 2025-03-15
[23:19:08] date 2025-03-16
[23:19:14] date 2025-03-17
[23:19:17] date 2025-03-18
[23:19:19] date 2025-03-19
[23:19:24] date 2025-03-20
[23:19:27] date 2025-03-21
[23:19:34] date 2025-03-22
[23:19:41] date 2025-03-23
[23:19:48] date 2025-03-24
[23:19:49] date 2025-03-25
[23:19:51] date 2025-03-26
[23:19:55] date 2025-03-27
[23:19:56] date 2025-03-28
[23:20:02] date 2025-03-29
[23:20:09] date 2025-03-30
[23:20:15] date 2025-03-31
[23:20:17] date 2025-04-01
[23:20:19] date 2025-04-02
[23:20:22] date 2025-04-03
[23:20:24] date 2025-04-04
[23:20:30] date 2025-04-05
[23:20:37] date 2025-04-06
[23:20:43] date 2025-04-07
[23:20:46] date 2025-04-08
[23:20:49] date 2025-04-09
[23:20:53] date 2025-04-10
[23:20:57] date 2025-04-11
[23:21:02] date 2025-04-12
[23:21:09] date 2025-04-13
[23:21:15] date 2025-04-14
[23:21:17] date 2025-04-15
[23:21:19] date 2025-04-16
[23:21:23] date 2025-04-17
[23:21:26] date 2025-04-18
[23:21:33] date 2025-04-19
[23:21:40] date 2025-04-20
[23:21:43] date 2025-04-21
[23:21:45] date 2025-04-22
[23:21:47] date 2025-04-23
[23:21:52] date 2025-04-24
[23:21:56] date 2025-04-25
[23:22:03] date 2025-04-26
[23:22:11] date 2025-04-27
[23:22:16] date 2025-04-28
[23:22:18] date 2025-04-29
[23:22:21] date 2025-04-30
[23:22:24] date 2025-05-01
[23:22:29] date 2025-05-02
[23:22:37] date 2025-05-03
[23:22:41] date 2025-05-04
[23:22:47] date 2025-05-05
[23:22:49] date 2025-05-06
[23:22:51] date 2025-05-07
[23:22:53] date 2025-05-08
[23:22:56] date 2025-05-09
[23:23:02] date 2025-05-10
[23:23:09] date 2025-05-11
[23:23:16] date 2025-05-12
[23:23:18] date 2025-05-13
[23:23:19] date 2025-05-14
[23:23:20] date 2025-05-15
[23:23:24] date 2025-05-16
[23:23:31] date 2025-05-17
[23:23:37] date 2025-05-18
[23:23:45] date 2025-05-19
[23:23:46] date 2025-05-20
[23:23:48] date 2025-05-21
[23:23:50] date 2025-05-22
[23:23:54] date 2025-05-23
[23:24:00] date 2025-05-24
[23:24:05] date 2025-05-25
[23:24:13] date 2025-05-26
[23:24:20] date 2025-05-27
[23:24:22] date 2025-05-28
[23:24:23] date 2025-05-29
[23:24:27] date 2025-05-30
[23:24:32] date 2025-05-31
[23:24:37] date 2025-06-01
[23:24:43] date 2025-06-02
[23:24:45] date 2025-06-03
[23:24:46] date 2025-06-04
[23:24:49] date 2025-06-05
[23:24:54] date 2025-06-06
[23:24:59] date 2025-06-07
[23:25:04] date 2025-06-08
[23:25:13] date 2025-06-09
[23:25:14] date 2025-06-10
[23:25:16] date 2025-06-11
[23:25:17] date 2025-06-12
[23:25:24] date 2025-06-13
[23:25:30] date 2025-06-14
[23:25:35] date 2025-06-15
[23:25:41] date 2025-06-16
[23:25:42] date 2025-06-17
[23:25:44] date 2025-06-18
[23:25:47] date 2025-06-19
[23:25:52] date 2025-06-20
[23:25:58] date 2025-06-21
[23:26:03] date 2025-06-22
[23:26:09] date 2025-06-23
[23:26:11] date 2025-06-24
[23:26:12] date 2025-06-25
[23:26:15] date 2025-06-26
[23:26:20] date 2025-06-27
[23:26:26] date 2025-06-28
[23:26:32] date 2025-06-29
[23:26:37] date 2025-06-30
[23:26:39] date 2025-07-01
[23:26:41] date 2025-07-02
[23:26:43] date 2025-07-03
[23:26:45] date 2025-07-04
[23:26:50] date 2025-07-05
[23:26:54] date 2025-07-06
[23:26:59] date 2025-07-07
[23:27:01] date 2025-07-08
[23:27:02] date 2025-07-09
[23:27:04] date 2025-07-10
[23:27:07] date 2025-07-11
[23:27:12] date 2025-07-12
[23:27:15] date 2025-07-13
[23:27:22] date 2025-07-14
[23:27:24] date 2025-07-15
[23:27:26] date 2025-07-16
[23:27:29] date 2025-07-17
[23:27:32] date 2025-07-18
[23:27:39] date 2025-07-19
[23:27:46] date 2025-07-20
[23:27:53] date 2025-07-21
[23:27:56] date 2025-07-22
[23:27:57] date 2025-07-23
[23:28:01] date 2025-07-24
[23:28:06] date 2025-07-25
[23:28:12] date 2025-07-26
[23:28:18] date 2025-07-27
[23:28:24] date 2025-07-28
[23:28:25] date 2025-07-29
[23:28:26] date 2025-07-30
[23:28:28] date 2025-07-31
[23:28:32] date 2025-08-01
[23:28:38] date 2025-08-02
[23:28:45] date 2025-08-03
[23:28:52] date 2025-08-04
[23:28:52] date 2025-08-05
[23:28:53] date 2025-08-06
[23:28:55] date 2025-08-07
[23:29:01] date 2025-08-08
[23:29:08] date 2025-08-09
[23:29:14] date 2025-08-10
[23:29:20] date 2025-08-11
[23:29:21] date 2025-08-12
[23:29:22] date 2025-08-13
[23:29:23] date 2025-08-14
[23:29:27] date 2025-08-15
[23:29:33] date 2025-08-16
[23:29:38] date 2025-08-17
[23:29:45] date 2025-08-18
[23:29:47] date 2025-08-19
[23:29:49] date 2025-08-20
[23:29:51] date 2025-08-21
[23:29:56] date 2025-08-22
[23:30:04] date 2025-08-23
[23:30:17] date 2025-08-24
[23:30:24] date 2025-08-25
[23:30:26] date 2025-08-26
[23:30:27] date 2025-08-27
[23:30:31] date 2025-08-28
[23:30:35] date 2025-08-29
[23:30:42] date 2025-08-30
[23:30:50] date 2025-08-31
[23:30:58] date 2025-09-01
[23:31:05] date 2025-09-02
[23:31:06] date 2025-09-03
[23:31:08] date 2025-09-04
[23:31:11] date 2025-09-05
[23:31:15] date 2025-09-06
[23:31:23] date 2025-09-07
[23:31:30] date 2025-09-08
[23:31:31] date 2025-09-09
[23:31:33] date 2025-09-10
[23:31:36] date 2025-09-11
[23:31:40] date 2025-09-12
[23:31:46] date 2025-09-13
[23:31:53] date 2025-09-14
[23:31:59] date 2025-09-15
[23:32:01] date 2025-09-16
[23:32:03] date 2025-09-17
[23:51:59] date 2025-09-14
[2025-09-17 23:55:02] date 2025-09-14
[2025-09-17 23:55:04] ERROR processing 2025-09-14: Error binding parameter 5 - probably unsupported type.
[2025-09-17 23:55:04] Traceback (most recent call last):
  File "/Users/stephenjerome/Desktop/SteveHorsesPro/tools/ingest_tj.py", line 406, in main
    s = process_date(conn, day, limit_tracks=limit_tracks)
  File "/Users/stephenjerome/Desktop/SteveHorsesPro/tools/ingest_tj.py", line 346, in process_date
    upsert_tj(conn, row)
  File "/Users/stephenjerome/Desktop/SteveHorsesPro/tools/ingest_tj.py", line 137, in upsert_tj
    cur.execute("""
sqlite3.InterfaceError: Error binding parameter 5 - probably unsupported type.

[2025-09-17 23:55:04] TOTAL races=0 upserts=0 combos_upserted=0
