==============================================
 Steve Horses Pro — launcher
 Started: 2025-09-19 14:09:54
 Base:    /Users/stephenjerome/Desktop/SteveHorsesPro
 Log:     /Users/stephenjerome/Desktop/SteveHorsesPro/logs/launch_2025-09-19_14-09-54.log
==============================================


[OK] Using python: /usr/bin/python3

[PING] Testing API /meets for today...
[PING OK] Meets returned: 17

[SURVEY] Checking entries for majors-only list...
  - Gulfstream Park: 9 races
  - Churchill Downs: 10 races
  - Belmont at the Big A: 9 races
  - Woodbine: 7 races
  - Parx Racing: 11 races
[SURVEY] Majors with meets today: 5  • Total races seen: 46

[RUN] 2025-09-19 14:10:02  running steve_horses_pro.py
[RUN] building for 2025-09-19
[CARDS] pass1 -> tracks=5 races=46
[OK] wrote report: /Users/stephenjerome/Desktop/SteveHorsesPro/outputs/2025-09-19_horses_targets+full.html
[RUN] building for 2025-09-19
[CARDS] pass1 -> tracks=5 races=46
[OK] wrote report: /Users/stephenjerome/Desktop/SteveHorsesPro/outputs/2025-09-19_horses_targets+full.html
[RUN] building for 2025-09-19
[CARDS] pass1 -> tracks=5 races=46
[OK] wrote report: /Users/stephenjerome/Desktop/SteveHorsesPro/outputs/2025-09-19_horses_targets+full.html
[RUN] building for 2025-09-19
[CARDS] pass1 -> tracks=5 races=46
[OK] wrote report: /Users/stephenjerome/Desktop/SteveHorsesPro/outputs/2025-09-19_horses_targets+full.html

[DONE] python exit code: 0

[OK] Report path: /Users/stephenjerome/Desktop/SteveHorsesPro/outputs/2025-09-19_horses_targets+full.html (size: 201775 bytes)
[OK] Opening report: /Users/stephenjerome/Desktop/SteveHorsesPro/outputs/2025-09-19_horses_targets+full.html

Finished: 2025-09-19 14:11:19
==============================================

[FINISH] 2025-09-19 14:11:19  exit code: 0
Log saved to: /Users/stephenjerome/Desktop/SteveHorsesPro/logs/launch_2025-09-19_14-09-54.log
