==============================================
 Steve Horses Pro — launcher
 Started: 2025-09-19 13:10:20
 Base:    /Users/stephenjerome/Desktop/SteveHorsesPro
 Log:     /Users/stephenjerome/Desktop/SteveHorsesPro/logs/launch_2025-09-19_13-10-20.log
==============================================


[OK] Using python: /usr/bin/python3

[PING] Testing API /meets for today...
[PING OK] Meets returned: 17

[SURVEY] Checking entries for majors-only list...
  - Gulfstream Park: 9 races
  - Churchill Downs: 10 races
  - Belmont at the Big A: 9 races
  - Woodbine: 7 races
  - Parx Racing: 11 races
[SURVEY] Majors with meets today: 5  • Total races seen: 46

[RUN] 2025-09-19 13:10:28  running steve_horses_pro.py
[RUN] building for 2025-09-19
[CARDS] pass1 -> tracks=5 races=46
[FATAL] build report failed: 'list' object has no attribute 'get'
[fallback] Last good report: /Users/stephenjerome/Desktop/SteveHorsesPro/outputs/2025-09-19_horses_targets+full.html

[DONE] python exit code: 0

[OK] Report path: /Users/stephenjerome/Desktop/SteveHorsesPro/outputs/2025-09-19_horses_targets+full.html (size: 942 bytes)
[NOTE] Report is very small — likely no qualifying races pulled or zero entries returned.
       Check the SURVEY section above (majors present & race counts).
[OK] Opening report: /Users/stephenjerome/Desktop/SteveHorsesPro/outputs/2025-09-19_horses_targets+full.html

Finished: 2025-09-19 13:10:46
==============================================

[FINISH] 2025-09-19 13:10:46  exit code: 0
Log saved to: /Users/stephenjerome/Desktop/SteveHorsesPro/logs/launch_2025-09-19_13-10-20.log
