[pro] Thu Sep 11 10:25:06 PDT 2025 starting
[pro] Thu Sep 11 10:25:21 PDT 2025 opening /Users/stephenjerome/Desktop/SteveHorsesPro/outputs/2025-09-11_horses_targets+full.html
[pro] Thu Sep 11 10:25:21 PDT 2025 done
[pro] Thu Sep 11 10:26:28 PDT 2025 starting
[pro] Thu Sep 11 10:26:57 PDT 2025 starting
[pro] Thu Sep 11 10:27:12 PDT 2025 opening /Users/stephenjerome/Desktop/SteveHorsesPro/outputs/2025-09-11_horses_targets+full.html
[pro] Thu Sep 11 10:27:12 PDT 2025 done
[pro] Thu Sep 11 10:36:58 PDT 2025 starting
[pro] Thu Sep 11 10:37:15 PDT 2025 opening /Users/stephenjerome/Desktop/SteveHorsesPro/outputs/2025-09-11_horses_targets+full.html
[pro] Thu Sep 11 10:37:15 PDT 2025 done
[pro] Thu Sep 11 10:47:04 PDT 2025 starting
[pro] Thu Sep 11 10:47:06 PDT 2025 opening /Users/steverome5/Desktop/SteveHorsesPro/outputs/2025-09-11_horses_targets+full.html
[pro] Thu Sep 11 10:47:07 PDT 2025 done
[pro] Thu Sep 11 10:47:45 PDT 2025 starting
[pro] Thu Sep 11 10:47:46 PDT 2025 opening /Users/steverome5/Desktop/SteveHorsesPro/outputs/2025-09-11_horses_targets+full.html
[pro] Thu Sep 11 10:47:47 PDT 2025 done
[pro] Thu Sep 11 10:54:04 PDT 2025 starting
[pro] Thu Sep 11 10:54:05 PDT 2025 opening /Users/steverome5/Desktop/SteveHorsesPro/outputs/2025-09-11_horses_targets+full.html
[pro] Thu Sep 11 10:54:05 PDT 2025 done
[pro] Thu Sep 11 10:55:20 PDT 2025 starting
[pro] Thu Sep 11 10:55:21 PDT 2025 opening /Users/steverome5/Desktop/SteveHorsesPro/outputs/2025-09-11_horses_targets+full.html
[pro] Thu Sep 11 10:55:21 PDT 2025 done
[pro] Thu Sep 11 10:56:01 PDT 2025 starting
[pro] Thu Sep 11 10:56:02 PDT 2025 opening /Users/steverome5/Desktop/SteveHorsesPro/outputs/2025-09-11_horses_targets+full.html
[pro] Thu Sep 11 10:56:02 PDT 2025 done
[pro] Thu Sep 11 10:57:47 PDT 2025 starting
[pro] Thu Sep 11 10:57:48 PDT 2025 opening /Users/steverome5/Desktop/SteveHorsesPro/outputs/2025-09-11_horses_targets+full.html
[pro] Thu Sep 11 10:57:48 PDT 2025 done
[pro] Thu Sep 11 10:58:53 PDT 2025 starting
[pro] Thu Sep 11 10:58:54 PDT 2025 opening /Users/steverome5/Desktop/SteveHorsesPro/outputs/2025-09-11_horses_targets+full.html
[pro] Thu Sep 11 10:58:54 PDT 2025 done
[pro] Thu Sep 11 11:02:42 PDT 2025 starting
[pro] Thu Sep 11 11:02:43 PDT 2025 opening /Users/steverome5/Desktop/SteveHorsesPro/outputs/2025-09-11_horses_targets+full.html
[pro] Thu Sep 11 11:02:43 PDT 2025 done
[pro] Thu Sep 11 11:04:25 PDT 2025 starting
[pro] Thu Sep 11 11:04:26 PDT 2025 opening /Users/steverome5/Desktop/SteveHorsesPro/outputs/2025-09-11_horses_targets+full.html
[pro] Thu Sep 11 11:04:26 PDT 2025 done
[pro] Thu Sep 11 11:13:48 PDT 2025 starting
[pro] Thu Sep 11 11:13:49 PDT 2025 opening /Users/steverome5/Desktop/SteveHorsesPro/outputs/2025-09-11_horses_targets+full.html
[pro] Thu Sep 11 11:13:49 PDT 2025 done
[pro] Thu Sep 11 11:22:26 PDT 2025 starting
[pro] Thu Sep 11 11:22:28 PDT 2025 opening /Users/steverome5/Desktop/SteveHorsesPro/outputs/2025-09-11_horses_targets+full.html
[pro] Thu Sep 11 11:22:28 PDT 2025 done
[pro] Thu Sep 11 11:25:06 PDT 2025 starting
[pro] Thu Sep 11 11:25:07 PDT 2025 opening /Users/steverome5/Desktop/SteveHorsesPro/outputs/2025-09-11_horses_targets+full.html
[pro] Thu Sep 11 11:25:07 PDT 2025 done
[pro] Thu Sep 11 11:25:59 PDT 2025 starting
[pro] Thu Sep 11 11:25:59 PDT 2025 opening /Users/steverome5/Desktop/SteveHorsesPro/outputs/2025-09-11_horses_targets+full.html
[pro] Thu Sep 11 11:25:59 PDT 2025 done
[pro] Thu Sep 11 11:30:34 PDT 2025 starting
[pro] Thu Sep 11 11:30:51 PDT 2025 opening /Users/stephenjerome/Desktop/SteveHorsesPro/outputs/2025-09-11_horses_targets+full.html
[pro] Thu Sep 11 11:30:51 PDT 2025 done
[pro] Thu Sep 11 11:32:47 PDT 2025 starting
[pro] Thu Sep 11 11:32:48 PDT 2025 opening /Users/stevesmacbookpro/Desktop/SteveHorsesPro/outputs/2025-09-11_horses_targets+full.html
[pro] Thu Sep 11 11:32:48 PDT 2025 done
[pro] Thu Sep 11 11:33:01 PDT 2025 starting
[pro] Thu Sep 11 11:33:02 PDT 2025 opening /Users/stevesmacbookpro/Desktop/SteveHorsesPro/outputs/2025-09-11_horses_targets+full.html
[pro] Thu Sep 11 11:33:02 PDT 2025 done
[pro] Thu Sep 11 11:52:18 PDT 2025 starting
[pro] Thu Sep 11 11:52:20 PDT 2025 opening /Users/steverome5/Desktop/SteveHorsesPro/outputs/2025-09-11_horses_targets+full.html
[pro] Thu Sep 11 11:52:20 PDT 2025 done
[pro] Thu Sep 11 12:56:05 PDT 2025 starting
[pro] Thu Sep 11 12:56:22 PDT 2025 opening /Users/stephenjerome/Desktop/SteveHorsesPro/outputs/2025-09-11_horses_targets+full.html
[pro] Thu Sep 11 12:56:22 PDT 2025 done
[pro] Thu Sep 11 13:04:17 PDT 2025 starting
[pro] Thu Sep 11 13:04:34 PDT 2025 opening /Users/stephenjerome/Desktop/SteveHorsesPro/outputs/2025-09-11_horses_targets+full.html
[pro] Thu Sep 11 13:04:34 PDT 2025 done
[pro] Thu Sep 11 13:10:15 PDT 2025 starting
[pro] Thu Sep 11 13:10:17 PDT 2025 opening /Users/stevesmacbookpro/Desktop/SteveHorsesPro/outputs/2025-09-11_horses_targets+full.html
[pro] Thu Sep 11 13:10:17 PDT 2025 done
[pro] Thu Sep 11 13:19:02 PDT 2025 starting
[pro] Thu Sep 11 13:19:18 PDT 2025 opening /Users/stephenjerome/Desktop/SteveHorsesPro/outputs/2025-09-11_horses_targets+full.html
[pro] Thu Sep 11 13:19:18 PDT 2025 done
[pro] Thu Sep 11 13:27:56 PDT 2025 starting
[pro] Thu Sep 11 13:28:11 PDT 2025 opening /Users/stephenjerome/Desktop/SteveHorsesPro/outputs/2025-09-11_horses_targets+full.html
[pro] Thu Sep 11 13:28:11 PDT 2025 done
[pro] Thu Sep 11 13:52:34 PDT 2025 starting
[pro] Thu Sep 11 13:52:51 PDT 2025 opening /Users/stephenjerome/Desktop/SteveHorsesPro/outputs/2025-09-11_horses_targets+full.html
[pro] Thu Sep 11 13:52:51 PDT 2025 done
[pro] Thu Sep 11 14:00:46 PDT 2025 starting
[pro] Thu Sep 11 14:01:04 PDT 2025 opening /Users/stephenjerome/Desktop/SteveHorsesPro/outputs/2025-09-11_horses_targets+full.html
[pro] Thu Sep 11 14:01:04 PDT 2025 done
[pro] Thu Sep 11 14:05:37 PDT 2025 starting
[pro] Thu Sep 11 14:05:53 PDT 2025 opening /Users/stephenjerome/Desktop/SteveHorsesPro/outputs/2025-09-11_horses_targets+full.html
[pro] Thu Sep 11 14:05:53 PDT 2025 done
[pro] Thu Sep 11 14:18:10 PDT 2025 starting
[pro] Thu Sep 11 14:18:25 PDT 2025 opening /Users/stephenjerome/Desktop/SteveHorsesPro/outputs/2025-09-11_horses_targets+full.html
[pro] Thu Sep 11 14:18:25 PDT 2025 done
[pro] Thu Sep 11 14:18:46 PDT 2025 starting
[pro] Thu Sep 11 14:19:01 PDT 2025 opening /Users/stephenjerome/Desktop/SteveHorsesPro/outputs/2025-09-11_horses_targets+full.html
[pro] Thu Sep 11 14:19:01 PDT 2025 done
[pro] Thu Sep 11 14:21:45 PDT 2025 starting
[pro] Thu Sep 11 14:22:00 PDT 2025 opening /Users/stephenjerome/Desktop/SteveHorsesPro/outputs/2025-09-11_horses_targets+full.html
[pro] Thu Sep 11 14:22:01 PDT 2025 done
[pro] Thu Sep 11 14:22:37 PDT 2025 starting
[pro] Thu Sep 11 14:22:52 PDT 2025 opening /Users/stephenjerome/Desktop/SteveHorsesPro/outputs/2025-09-11_horses_targets+full.html
[pro] Thu Sep 11 14:22:52 PDT 2025 done
[pro] Thu Sep 11 14:23:37 PDT 2025 starting
[pro] Thu Sep 11 14:23:54 PDT 2025 opening /Users/stephenjerome/Desktop/SteveHorsesPro/outputs/2025-09-11_horses_targets+full.html
[pro] Thu Sep 11 14:23:54 PDT 2025 done
[pro] Thu Sep 11 14:26:27 PDT 2025 starting
[pro] Thu Sep 11 14:26:41 PDT 2025 opening /Users/stephenjerome/Desktop/SteveHorsesPro/outputs/2025-09-11_horses_targets+full.html
[pro] Thu Sep 11 14:26:41 PDT 2025 done
[pro] Thu Sep 11 14:36:51 PDT 2025 starting
  File "/Users/stephenjerome/Desktop/SteveHorsesPro/steve_horses_pro.py", line 922
    oh    = fetch_odds_history(rid) if rid else {}
TabError: inconsistent use of tabs and spaces in indentation
[pro] Thu Sep 11 14:36:51 PDT 2025 opening /Users/stephenjerome/Desktop/SteveHorsesPro/outputs/2025-09-11_horses_targets+full.html
[pro] Thu Sep 11 14:36:51 PDT 2025 done
[pro] Thu Sep 11 14:39:36 PDT 2025 starting
  File "/Users/stephenjerome/Desktop/SteveHorsesPro/steve_horses_pro.py", line 922
    oh    = fetch_odds_history(rid) if rid else {}
TabError: inconsistent use of tabs and spaces in indentation
[pro] Thu Sep 11 14:39:36 PDT 2025 opening /Users/stephenjerome/Desktop/SteveHorsesPro/outputs/2025-09-11_horses_targets+full.html
[pro] Thu Sep 11 14:39:36 PDT 2025 done
[pro] Thu Sep 11 14:40:48 PDT 2025 starting
  File "/Users/stephenjerome/Desktop/SteveHorsesPro/steve_horses_pro.py", line 919
    runners = (rc.get("runners") or rc.get("entries") or [])
IndentationError: unexpected indent
[pro] Thu Sep 11 14:40:48 PDT 2025 opening /Users/stephenjerome/Desktop/SteveHorsesPro/outputs/2025-09-11_horses_targets+full.html
[pro] Thu Sep 11 14:40:48 PDT 2025 done
[pro] Thu Sep 11 17:19:25 PDT 2025 starting
  File "/Users/steverome5/Desktop/SteveHorsesPro/steve_horses_pro.py", line 919
    runners = (rc.get("runners") or rc.get("entries") or [])
IndentationError: unexpected indent
[pro] Thu Sep 11 17:19:26 PDT 2025 opening /Users/steverome5/Desktop/SteveHorsesPro/outputs/2025-09-11_horses_targets+full.html
[pro] Thu Sep 11 17:19:28 PDT 2025 done
