==============================================
 Steve Horses Pro — launcher
 Started: 2025-09-19 12:34:53
 Base:    /Users/stephenjerome/Desktop/SteveHorsesPro
 Log:     /Users/stephenjerome/Desktop/SteveHorsesPro/logs/launch_2025-09-19_12-34-53.log
==============================================

[OK] Using python: /usr/bin/python3

[PING] Testing API /meets for today...
/Users/stephenjerome/Desktop/Run_Steve_Horses_Pro.command: line 60: /usr/bin/python3
: No such file or directory

[SURVEY] Checking entries for majors-only list...
  - Gulfstream Park: 9 races
  - Churchill Downs: 10 races
  - Belmont at the Big A: 9 races
  - Woodbine: 7 races
  - Parx Racing: 11 races
[SURVEY] Majors with meets today: 5  • Total races seen: 46

[RUN] 2025-09-19 12:35:00  running steve_horses_pro.py

[DONE] python exit code: 0

[OK] Report path: /Users/stephenjerome/Desktop/SteveHorsesPro/outputs/2025-09-19_horses_targets+full.html (size: 942 bytes)
[NOTE] Report is very small — likely no qualifying races pulled or zero entries returned.
       That's OK; the HTML still generated. (Your new Python 'loose' retry also helps.)
[OK] Opening report: /Users/stephenjerome/Desktop/SteveHorsesPro/outputs/2025-09-19_horses_targets+full.html

Log saved to: /Users/stephenjerome/Desktop/SteveHorsesPro/logs/launch_2025-09-19_12-34-53.log
Finished: 2025-09-19 12:35:06
==============================================
